<html>
<head>
<title>TestNG:  Functional</title>
<link href="../testng.css" rel="stylesheet" type="text/css" />
<link href="../my-testng.css" rel="stylesheet" type="text/css" />

<style type="text/css">
.log { display: none;} 
.stack-trace { display: none;} 
</style>
<script type="text/javascript">
<!--
function flip(e) {
  current = e.style.display;
  if (current == 'block') {
    e.style.display = 'none';
    return 0;
  }
  else {
    e.style.display = 'block';
    return 1;
  }
}

function toggleBox(szDivId, elem, msg1, msg2)
{
  var res = -1;  if (document.getElementById) {
    res = flip(document.getElementById(szDivId));
  }
  else if (document.all) {
    // this is the way old msie versions work
    res = flip(document.all[szDivId]);
  }
  if(elem) {
    if(res == 0) elem.innerHTML = msg1; else elem.innerHTML = msg2;
  }

}

function toggleAllBoxes() {
  if (document.getElementsByTagName) {
    d = document.getElementsByTagName('div');
    for (i = 0; i < d.length; i++) {
      if (d[i].className == 'log') {
        flip(d[i]);
      }
    }
  }
}

// -->
</script>

</head>
<body>
<h2 align='center'>Functional</h2><table border='1' align="center">
<tr>
<td>Tests passed/Failed/Skipped:</td><td>41/4/0</td>
</tr><tr>
<td>Started on:</td><td>Sat Mar 27 15:54:54 MSK 2021</td>
</tr>
<tr><td>Total time:</td><td>0 seconds (182 ms)</td>
</tr><tr>
<td>Included groups:</td><td></td>
</tr><tr>
<td>Excluded groups:</td><td></td>
</tr>
</table><p/>
<small><i>(Hover the method name to see the test class name)</i></small><p/>
<table width='100%' border='1' class='invocation-failed'>
<tr><td colspan='4' align='center'><b>FAILED TESTS</b></td></tr>
<tr><td><b>Test method</b></td>
<td width="30%"><b>Exception</b></td>
<td width="10%"><b>Time (seconds)</b></td>
<td><b>Instance</b></td>
</tr>
<tr>
<td title='hw1.MulTests.mulTestDouble()'><b>mulTestDouble</b><br>Test class: hw1.MulTests<br>Parameters: 42.42 1, 42.42</td>
<td><div><pre>java.lang.AssertionError: expected [42.0] but found [42.42]
	at hw1.MulTests.mulTestDouble(MulTests.java:48)
	at java.base/java.util.ArrayList.forEach(ArrayList.java:1511)
... Removed 35 stack frames</pre></div><a href='#' onClick='toggleBox("stack-trace1240232440", this, "Click to show all stack frames", "Click to hide stack frames")'>Click to show all stack frames</a>
<div class='stack-trace' id='stack-trace1240232440'><pre>java.lang.AssertionError: expected [42.0] but found [42.42]
	at org.testng.Assert.fail(Assert.java:99)
	at org.testng.Assert.failNotEquals(Assert.java:1037)
	at org.testng.Assert.assertEquals(Assert.java:671)
	at org.testng.Assert.assertEquals(Assert.java:684)
	at hw1.MulTests.mulTestDouble(MulTests.java:48)
	at java.base/jdk.internal.reflect.NativeMethodAccessorImpl.invoke0(Native Method)
	at java.base/jdk.internal.reflect.NativeMethodAccessorImpl.invoke(NativeMethodAccessorImpl.java:64)
	at java.base/jdk.internal.reflect.DelegatingMethodAccessorImpl.invoke(DelegatingMethodAccessorImpl.java:43)
	at java.base/java.lang.reflect.Method.invoke(Method.java:564)
	at org.testng.internal.MethodInvocationHelper.invokeMethod(MethodInvocationHelper.java:133)
	at org.testng.internal.TestInvoker.invokeMethod(TestInvoker.java:598)
	at org.testng.internal.TestInvoker.invokeTestMethod(TestInvoker.java:173)
	at org.testng.internal.MethodRunner.runInSequence(MethodRunner.java:46)
	at org.testng.internal.TestInvoker$MethodInvocationAgent.invoke(TestInvoker.java:824)
	at org.testng.internal.TestInvoker.invokeTestMethods(TestInvoker.java:146)
	at org.testng.internal.TestMethodWorker.invokeTestMethods(TestMethodWorker.java:146)
	at org.testng.internal.TestMethodWorker.run(TestMethodWorker.java:128)
	at java.base/java.util.ArrayList.forEach(ArrayList.java:1511)
	at org.testng.TestRunner.privateRun(TestRunner.java:794)
	at org.testng.TestRunner.run(TestRunner.java:596)
	at org.testng.SuiteRunner.runTest(SuiteRunner.java:377)
	at org.testng.SuiteRunner.runSequentially(SuiteRunner.java:371)
	at org.testng.SuiteRunner.privateRun(SuiteRunner.java:332)
	at org.testng.SuiteRunner.run(SuiteRunner.java:276)
	at org.testng.SuiteRunnerWorker.runSuite(SuiteRunnerWorker.java:53)
	at org.testng.SuiteRunnerWorker.run(SuiteRunnerWorker.java:96)
	at org.testng.TestNG.runSuitesSequentially(TestNG.java:1212)
	at org.testng.TestNG.runSuitesLocally(TestNG.java:1134)
	at org.testng.TestNG.runSuites(TestNG.java:1063)
	at org.testng.TestNG.run(TestNG.java:1031)
	at org.apache.maven.surefire.testng.TestNGExecutor.run(TestNGExecutor.java:284)
	at org.apache.maven.surefire.testng.TestNGXmlTestSuite.execute(TestNGXmlTestSuite.java:75)
	at org.apache.maven.surefire.testng.TestNGProvider.invoke(TestNGProvider.java:119)
	at org.apache.maven.surefire.booter.ForkedBooter.runSuitesInProcess(ForkedBooter.java:428)
	at org.apache.maven.surefire.booter.ForkedBooter.execute(ForkedBooter.java:162)
	at org.apache.maven.surefire.booter.ForkedBooter.run(ForkedBooter.java:562)
	at org.apache.maven.surefire.booter.ForkedBooter.main(ForkedBooter.java:548)
</pre></div></td>
<td>0</td>
<td>hw1.MulTests@3c72f59f</td></tr>
<tr>
<td title='hw1.MulTests.mulTestDouble()'><b>mulTestDouble</b><br>Test class: hw1.MulTests<br>Parameters: 1 42.42, 42.42</td>
<td><div><pre>java.lang.AssertionError: expected [42.0] but found [42.42]
	at hw1.MulTests.mulTestDouble(MulTests.java:48)
	at java.base/java.util.ArrayList.forEach(ArrayList.java:1511)
... Removed 35 stack frames</pre></div><a href='#' onClick='toggleBox("stack-trace489349054", this, "Click to show all stack frames", "Click to hide stack frames")'>Click to show all stack frames</a>
<div class='stack-trace' id='stack-trace489349054'><pre>java.lang.AssertionError: expected [42.0] but found [42.42]
	at org.testng.Assert.fail(Assert.java:99)
	at org.testng.Assert.failNotEquals(Assert.java:1037)
	at org.testng.Assert.assertEquals(Assert.java:671)
	at org.testng.Assert.assertEquals(Assert.java:684)
	at hw1.MulTests.mulTestDouble(MulTests.java:48)
	at java.base/jdk.internal.reflect.NativeMethodAccessorImpl.invoke0(Native Method)
	at java.base/jdk.internal.reflect.NativeMethodAccessorImpl.invoke(NativeMethodAccessorImpl.java:64)
	at java.base/jdk.internal.reflect.DelegatingMethodAccessorImpl.invoke(DelegatingMethodAccessorImpl.java:43)
	at java.base/java.lang.reflect.Method.invoke(Method.java:564)
	at org.testng.internal.MethodInvocationHelper.invokeMethod(MethodInvocationHelper.java:133)
	at org.testng.internal.TestInvoker.invokeMethod(TestInvoker.java:598)
	at org.testng.internal.TestInvoker.invokeTestMethod(TestInvoker.java:173)
	at org.testng.internal.MethodRunner.runInSequence(MethodRunner.java:46)
	at org.testng.internal.TestInvoker$MethodInvocationAgent.invoke(TestInvoker.java:824)
	at org.testng.internal.TestInvoker.invokeTestMethods(TestInvoker.java:146)
	at org.testng.internal.TestMethodWorker.invokeTestMethods(TestMethodWorker.java:146)
	at org.testng.internal.TestMethodWorker.run(TestMethodWorker.java:128)
	at java.base/java.util.ArrayList.forEach(ArrayList.java:1511)
	at org.testng.TestRunner.privateRun(TestRunner.java:794)
	at org.testng.TestRunner.run(TestRunner.java:596)
	at org.testng.SuiteRunner.runTest(SuiteRunner.java:377)
	at org.testng.SuiteRunner.runSequentially(SuiteRunner.java:371)
	at org.testng.SuiteRunner.privateRun(SuiteRunner.java:332)
	at org.testng.SuiteRunner.run(SuiteRunner.java:276)
	at org.testng.SuiteRunnerWorker.runSuite(SuiteRunnerWorker.java:53)
	at org.testng.SuiteRunnerWorker.run(SuiteRunnerWorker.java:96)
	at org.testng.TestNG.runSuitesSequentially(TestNG.java:1212)
	at org.testng.TestNG.runSuitesLocally(TestNG.java:1134)
	at org.testng.TestNG.runSuites(TestNG.java:1063)
	at org.testng.TestNG.run(TestNG.java:1031)
	at org.apache.maven.surefire.testng.TestNGExecutor.run(TestNGExecutor.java:284)
	at org.apache.maven.surefire.testng.TestNGXmlTestSuite.execute(TestNGXmlTestSuite.java:75)
	at org.apache.maven.surefire.testng.TestNGProvider.invoke(TestNGProvider.java:119)
	at org.apache.maven.surefire.booter.ForkedBooter.runSuitesInProcess(ForkedBooter.java:428)
	at org.apache.maven.surefire.booter.ForkedBooter.execute(ForkedBooter.java:162)
	at org.apache.maven.surefire.booter.ForkedBooter.run(ForkedBooter.java:562)
	at org.apache.maven.surefire.booter.ForkedBooter.main(ForkedBooter.java:548)
</pre></div></td>
<td>0</td>
<td>hw1.MulTests@3c72f59f</td></tr>
<tr>
<td title='hw1.MulTests.mulTestDouble()'><b>mulTestDouble</b><br>Test class: hw1.MulTests<br>Parameters: 12.21 21.12, 257.8752</td>
<td><div><pre>java.lang.AssertionError: expected [257.0] but found [257.8752]
	at hw1.MulTests.mulTestDouble(MulTests.java:48)
	at java.base/java.util.ArrayList.forEach(ArrayList.java:1511)
... Removed 35 stack frames</pre></div><a href='#' onClick='toggleBox("stack-trace2114444063", this, "Click to show all stack frames", "Click to hide stack frames")'>Click to show all stack frames</a>
<div class='stack-trace' id='stack-trace2114444063'><pre>java.lang.AssertionError: expected [257.0] but found [257.8752]
	at org.testng.Assert.fail(Assert.java:99)
	at org.testng.Assert.failNotEquals(Assert.java:1037)
	at org.testng.Assert.assertEquals(Assert.java:671)
	at org.testng.Assert.assertEquals(Assert.java:684)
	at hw1.MulTests.mulTestDouble(MulTests.java:48)
	at java.base/jdk.internal.reflect.NativeMethodAccessorImpl.invoke0(Native Method)
	at java.base/jdk.internal.reflect.NativeMethodAccessorImpl.invoke(NativeMethodAccessorImpl.java:64)
	at java.base/jdk.internal.reflect.DelegatingMethodAccessorImpl.invoke(DelegatingMethodAccessorImpl.java:43)
	at java.base/java.lang.reflect.Method.invoke(Method.java:564)
	at org.testng.internal.MethodInvocationHelper.invokeMethod(MethodInvocationHelper.java:133)
	at org.testng.internal.TestInvoker.invokeMethod(TestInvoker.java:598)
	at org.testng.internal.TestInvoker.invokeTestMethod(TestInvoker.java:173)
	at org.testng.internal.MethodRunner.runInSequence(MethodRunner.java:46)
	at org.testng.internal.TestInvoker$MethodInvocationAgent.invoke(TestInvoker.java:824)
	at org.testng.internal.TestInvoker.invokeTestMethods(TestInvoker.java:146)
	at org.testng.internal.TestMethodWorker.invokeTestMethods(TestMethodWorker.java:146)
	at org.testng.internal.TestMethodWorker.run(TestMethodWorker.java:128)
	at java.base/java.util.ArrayList.forEach(ArrayList.java:1511)
	at org.testng.TestRunner.privateRun(TestRunner.java:794)
	at org.testng.TestRunner.run(TestRunner.java:596)
	at org.testng.SuiteRunner.runTest(SuiteRunner.java:377)
	at org.testng.SuiteRunner.runSequentially(SuiteRunner.java:371)
	at org.testng.SuiteRunner.privateRun(SuiteRunner.java:332)
	at org.testng.SuiteRunner.run(SuiteRunner.java:276)
	at org.testng.SuiteRunnerWorker.runSuite(SuiteRunnerWorker.java:53)
	at org.testng.SuiteRunnerWorker.run(SuiteRunnerWorker.java:96)
	at org.testng.TestNG.runSuitesSequentially(TestNG.java:1212)
	at org.testng.TestNG.runSuitesLocally(TestNG.java:1134)
	at org.testng.TestNG.runSuites(TestNG.java:1063)
	at org.testng.TestNG.run(TestNG.java:1031)
	at org.apache.maven.surefire.testng.TestNGExecutor.run(TestNGExecutor.java:284)
	at org.apache.maven.surefire.testng.TestNGXmlTestSuite.execute(TestNGXmlTestSuite.java:75)
	at org.apache.maven.surefire.testng.TestNGProvider.invoke(TestNGProvider.java:119)
	at org.apache.maven.surefire.booter.ForkedBooter.runSuitesInProcess(ForkedBooter.java:428)
	at org.apache.maven.surefire.booter.ForkedBooter.execute(ForkedBooter.java:162)
	at org.apache.maven.surefire.booter.ForkedBooter.run(ForkedBooter.java:562)
	at org.apache.maven.surefire.booter.ForkedBooter.main(ForkedBooter.java:548)
</pre></div></td>
<td>0</td>
<td>hw1.MulTests@3c72f59f</td></tr>
<tr>
<td title='hw1.MulTests.mulTestDouble()'><b>mulTestDouble</b><br>Test class: hw1.MulTests<br>Parameters: -42.42 42.42, -1799.4564</td>
<td><div><pre>java.lang.AssertionError: expected [-1800.0] but found [-1799.4564]
	at hw1.MulTests.mulTestDouble(MulTests.java:48)
	at java.base/java.util.ArrayList.forEach(ArrayList.java:1511)
... Removed 35 stack frames</pre></div><a href='#' onClick='toggleBox("stack-trace382750013", this, "Click to show all stack frames", "Click to hide stack frames")'>Click to show all stack frames</a>
<div class='stack-trace' id='stack-trace382750013'><pre>java.lang.AssertionError: expected [-1800.0] but found [-1799.4564]
	at org.testng.Assert.fail(Assert.java:99)
	at org.testng.Assert.failNotEquals(Assert.java:1037)
	at org.testng.Assert.assertEquals(Assert.java:671)
	at org.testng.Assert.assertEquals(Assert.java:684)
	at hw1.MulTests.mulTestDouble(MulTests.java:48)
	at java.base/jdk.internal.reflect.NativeMethodAccessorImpl.invoke0(Native Method)
	at java.base/jdk.internal.reflect.NativeMethodAccessorImpl.invoke(NativeMethodAccessorImpl.java:64)
	at java.base/jdk.internal.reflect.DelegatingMethodAccessorImpl.invoke(DelegatingMethodAccessorImpl.java:43)
	at java.base/java.lang.reflect.Method.invoke(Method.java:564)
	at org.testng.internal.MethodInvocationHelper.invokeMethod(MethodInvocationHelper.java:133)
	at org.testng.internal.TestInvoker.invokeMethod(TestInvoker.java:598)
	at org.testng.internal.TestInvoker.invokeTestMethod(TestInvoker.java:173)
	at org.testng.internal.MethodRunner.runInSequence(MethodRunner.java:46)
	at org.testng.internal.TestInvoker$MethodInvocationAgent.invoke(TestInvoker.java:824)
	at org.testng.internal.TestInvoker.invokeTestMethods(TestInvoker.java:146)
	at org.testng.internal.TestMethodWorker.invokeTestMethods(TestMethodWorker.java:146)
	at org.testng.internal.TestMethodWorker.run(TestMethodWorker.java:128)
	at java.base/java.util.ArrayList.forEach(ArrayList.java:1511)
	at org.testng.TestRunner.privateRun(TestRunner.java:794)
	at org.testng.TestRunner.run(TestRunner.java:596)
	at org.testng.SuiteRunner.runTest(SuiteRunner.java:377)
	at org.testng.SuiteRunner.runSequentially(SuiteRunner.java:371)
	at org.testng.SuiteRunner.privateRun(SuiteRunner.java:332)
	at org.testng.SuiteRunner.run(SuiteRunner.java:276)
	at org.testng.SuiteRunnerWorker.runSuite(SuiteRunnerWorker.java:53)
	at org.testng.SuiteRunnerWorker.run(SuiteRunnerWorker.java:96)
	at org.testng.TestNG.runSuitesSequentially(TestNG.java:1212)
	at org.testng.TestNG.runSuitesLocally(TestNG.java:1134)
	at org.testng.TestNG.runSuites(TestNG.java:1063)
	at org.testng.TestNG.run(TestNG.java:1031)
	at org.apache.maven.surefire.testng.TestNGExecutor.run(TestNGExecutor.java:284)
	at org.apache.maven.surefire.testng.TestNGXmlTestSuite.execute(TestNGXmlTestSuite.java:75)
	at org.apache.maven.surefire.testng.TestNGProvider.invoke(TestNGProvider.java:119)
	at org.apache.maven.surefire.booter.ForkedBooter.runSuitesInProcess(ForkedBooter.java:428)
	at org.apache.maven.surefire.booter.ForkedBooter.execute(ForkedBooter.java:162)
	at org.apache.maven.surefire.booter.ForkedBooter.run(ForkedBooter.java:562)
	at org.apache.maven.surefire.booter.ForkedBooter.main(ForkedBooter.java:548)
</pre></div></td>
<td>0</td>
<td>hw1.MulTests@3c72f59f</td></tr>
</table><p>
<table width='100%' border='1' class='invocation-passed'>
<tr><td colspan='4' align='center'><b>PASSED TESTS</b></td></tr>
<tr><td><b>Test method</b></td>
<td width="30%"><b>Exception</b></td>
<td width="10%"><b>Time (seconds)</b></td>
<td><b>Instance</b></td>
</tr>
<tr>
<td title='hw1.DivTests.divTestDouble()'><b>divTestDouble</b><br>Test class: hw1.DivTests<br>Parameters: 0.0 42.42, 0.0</td>
<td></td>
<td>0</td>
<td>hw1.DivTests@16e7dcfd</td></tr>
<tr>
<td title='hw1.SumTests.sumTestDouble()'><b>sumTestDouble</b><br>Test class: hw1.SumTests<br>Parameters: 12.21 21.12, 33.33</td>
<td></td>
<td>0</td>
<td>hw1.SumTests@2fd6b6c7</td></tr>
<tr>
<td title='hw1.DivTests.divTestDouble()'><b>divTestDouble</b><br>Test class: hw1.DivTests<br>Parameters: -42.42 42.42, -1.0</td>
<td></td>
<td>0</td>
<td>hw1.DivTests@16e7dcfd</td></tr>
<tr>
<td title='hw1.MulTests.mulTestDouble()'><b>mulTestDouble</b><br>Test class: hw1.MulTests<br>Parameters: 0.0 0.0, 0.0</td>
<td></td>
<td>0</td>
<td>hw1.MulTests@3c72f59f</td></tr>
<tr>
<td title='hw1.SubTests.subTestDouble()'><b>subTestDouble</b><br>Test class: hw1.SubTests<br>Parameters: 42.42 42.42, 0.0</td>
<td></td>
<td>0</td>
<td>hw1.SubTests@ec756bd</td></tr>
<tr>
<td title='hw1.SubTests.subTestDouble()'><b>subTestDouble</b><br>Test class: hw1.SubTests<br>Parameters: 42.42 0.0, 42.42</td>
<td></td>
<td>0</td>
<td>hw1.SubTests@ec756bd</td></tr>
<tr>
<td title='hw1.MulTests.mulTestLong()'><b>mulTestLong</b><br>Test class: hw1.MulTests<br>Parameters: 0 321321, 0</td>
<td></td>
<td>0</td>
<td>hw1.MulTests@3c72f59f</td></tr>
<tr>
<td title='hw1.DivTests.divTestLong()'><b>divTestLong</b><br>Test class: hw1.DivTests<br>Parameters: 123123123 1, 123123123</td>
<td></td>
<td>0</td>
<td>hw1.DivTests@16e7dcfd</td></tr>
<tr>
<td title='hw1.SumTests.sumTestLong()'><b>sumTestLong</b><br>Test class: hw1.SumTests<br>Parameters: -123456789 123456789, 0</td>
<td></td>
<td>0</td>
<td>hw1.SumTests@2fd6b6c7</td></tr>
<tr>
<td title='hw1.SumTests.sumTestLong()'><b>sumTestLong</b><br>Test class: hw1.SumTests<br>Parameters: 123123 0, 123123</td>
<td></td>
<td>0</td>
<td>hw1.SumTests@2fd6b6c7</td></tr>
<tr>
<td title='hw1.SubTests.subTestDouble()'><b>subTestDouble</b><br>Test class: hw1.SubTests<br>Parameters: 0.0 42.42, -42.42</td>
<td></td>
<td>0</td>
<td>hw1.SubTests@ec756bd</td></tr>
<tr>
<td title='hw1.MulTests.mulTestLong()'><b>mulTestLong</b><br>Test class: hw1.MulTests<br>Parameters: 123123 0, 0</td>
<td></td>
<td>0</td>
<td>hw1.MulTests@3c72f59f</td></tr>
<tr>
<td title='hw1.SubTests.subTestLong()'><b>subTestLong</b><br>Test class: hw1.SubTests<br>Parameters: 123123 0, 123123</td>
<td></td>
<td>0</td>
<td>hw1.SubTests@ec756bd</td></tr>
<tr>
<td title='hw1.DivTests.divTestDouble()'><b>divTestDouble</b><br>Test class: hw1.DivTests<br>Parameters: 42.42 -42.42, -1.0</td>
<td></td>
<td>0</td>
<td>hw1.DivTests@16e7dcfd</td></tr>
<tr>
<td title='hw1.SumTests.sumTestLong()'><b>sumTestLong</b><br>Test class: hw1.SumTests<br>Parameters: 1234567890 9876543210, 11111111100</td>
<td></td>
<td>0</td>
<td>hw1.SumTests@2fd6b6c7</td></tr>
<tr>
<td title='hw1.SumTests.sumTestLong()'><b>sumTestLong</b><br>Test class: hw1.SumTests<br>Parameters: 0 0, 0</td>
<td></td>
<td>0</td>
<td>hw1.SumTests@2fd6b6c7</td></tr>
<tr>
<td title='hw1.DivTests.divTestDouble()'><b>divTestDouble</b><br>Test class: hw1.DivTests<br>Parameters: 42.42 -1, -42.42</td>
<td></td>
<td>0</td>
<td>hw1.DivTests@16e7dcfd</td></tr>
<tr>
<td title='hw1.SumTests.sumTestDouble()'><b>sumTestDouble</b><br>Test class: hw1.SumTests<br>Parameters: 0.0 0.0, 0.0</td>
<td></td>
<td>0</td>
<td>hw1.SumTests@2fd6b6c7</td></tr>
<tr>
<td title='hw1.MulTests.mulTestDouble()'><b>mulTestDouble</b><br>Test class: hw1.MulTests<br>Parameters: 42.42 0.0, 0.0</td>
<td></td>
<td>0</td>
<td>hw1.MulTests@3c72f59f</td></tr>
<tr>
<td title='hw1.MulTests.mulTestLong()'><b>mulTestLong</b><br>Test class: hw1.MulTests<br>Parameters: 0 0, 0</td>
<td></td>
<td>0</td>
<td>hw1.MulTests@3c72f59f</td></tr>
<tr>
<td title='hw1.DivTests.divTestDouble()'><b>divTestDouble</b><br>Test class: hw1.DivTests<br>Parameters: 21.12 0.5, 42.24</td>
<td></td>
<td>0</td>
<td>hw1.DivTests@16e7dcfd</td></tr>
<tr>
<td title='hw1.DivTests.divTestLong()'><b>divTestLong</b><br>Test class: hw1.DivTests<br>Parameters: 0 321321, 0</td>
<td></td>
<td>0</td>
<td>hw1.DivTests@16e7dcfd</td></tr>
<tr>
<td title='hw1.MulTests.mulTestDouble()'><b>mulTestDouble</b><br>Test class: hw1.MulTests<br>Parameters: 0.0 42.42, 0.0</td>
<td></td>
<td>0</td>
<td>hw1.MulTests@3c72f59f</td></tr>
<tr>
<td title='hw1.SubTests.subTestLong()'><b>subTestLong</b><br>Test class: hw1.SubTests<br>Parameters: 9876543210 1234567890, 8641975320</td>
<td></td>
<td>0</td>
<td>hw1.SubTests@ec756bd</td></tr>
<tr>
<td title='hw1.DivTests.divTestLong()'><b>divTestLong</b><br>Test class: hw1.DivTests<br>Parameters: 123123123 -1, -123123123</td>
<td></td>
<td>0</td>
<td>hw1.DivTests@16e7dcfd</td></tr>
<tr>
<td title='hw1.SumTests.sumTestDouble()'><b>sumTestDouble</b><br>Test class: hw1.SumTests<br>Parameters: -42.42 42.42, 0.0</td>
<td></td>
<td>0</td>
<td>hw1.SumTests@2fd6b6c7</td></tr>
<tr>
<td title='hw1.MulTests.mulTestLong()'><b>mulTestLong</b><br>Test class: hw1.MulTests<br>Parameters: 123456 987654, 121931812224</td>
<td></td>
<td>0</td>
<td>hw1.MulTests@3c72f59f</td></tr>
<tr>
<td title='hw1.SumTests.sumTestDouble()'><b>sumTestDouble</b><br>Test class: hw1.SumTests<br>Parameters: 42.42 0.0, 42.42</td>
<td></td>
<td>0</td>
<td>hw1.SumTests@2fd6b6c7</td></tr>
<tr>
<td title='hw1.SumTests.sumTestDouble()'><b>sumTestDouble</b><br>Test class: hw1.SumTests<br>Parameters: 0.0 42.42, 42.42</td>
<td></td>
<td>0</td>
<td>hw1.SumTests@2fd6b6c7</td></tr>
<tr>
<td title='hw1.SubTests.subTestLong()'><b>subTestLong</b><br>Test class: hw1.SubTests<br>Parameters: 123456789 123456789, 0</td>
<td></td>
<td>0</td>
<td>hw1.SubTests@ec756bd</td></tr>
<tr>
<td title='hw1.DivTests.divTestLong()'><b>divTestLong</b><br>Test class: hw1.DivTests<br>Parameters: 1234567890 1234567890, 1</td>
<td></td>
<td>0</td>
<td>hw1.DivTests@16e7dcfd</td></tr>
<tr>
<td title='hw1.DivTests.divTestLong()'><b>divTestLong</b><br>Test class: hw1.DivTests<br>Parameters: -123456789 123456789, -1</td>
<td></td>
<td>0</td>
<td>hw1.DivTests@16e7dcfd</td></tr>
<tr>
<td title='hw1.SubTests.subTestDouble()'><b>subTestDouble</b><br>Test class: hw1.SubTests<br>Parameters: 12.21 21.12, -8.91</td>
<td></td>
<td>0</td>
<td>hw1.SubTests@ec756bd</td></tr>
<tr>
<td title='hw1.SubTests.subTestDouble()'><b>subTestDouble</b><br>Test class: hw1.SubTests<br>Parameters: 0.0 0.0, 0.0</td>
<td></td>
<td>0</td>
<td>hw1.SubTests@ec756bd</td></tr>
<tr>
<td title='hw1.MulTests.mulTestLong()'><b>mulTestLong</b><br>Test class: hw1.MulTests<br>Parameters: 1 123123, 123123</td>
<td></td>
<td>0</td>
<td>hw1.MulTests@3c72f59f</td></tr>
<tr>
<td title='hw1.SumTests.sumTestLong()'><b>sumTestLong</b><br>Test class: hw1.SumTests<br>Parameters: 0 321321, 321321</td>
<td></td>
<td>0</td>
<td>hw1.SumTests@2fd6b6c7</td></tr>
<tr>
<td title='hw1.MulTests.mulTestLong()'><b>mulTestLong</b><br>Test class: hw1.MulTests<br>Parameters: 123123 1, 123123</td>
<td></td>
<td>0</td>
<td>hw1.MulTests@3c72f59f</td></tr>
<tr>
<td title='hw1.DivTests.divTestDouble()'><b>divTestDouble</b><br>Test class: hw1.DivTests<br>Parameters: 42.42 1, 42.42</td>
<td></td>
<td>0</td>
<td>hw1.DivTests@16e7dcfd</td></tr>
<tr>
<td title='hw1.SubTests.subTestLong()'><b>subTestLong</b><br>Test class: hw1.SubTests<br>Parameters: 0 321321, -321321</td>
<td></td>
<td>0</td>
<td>hw1.SubTests@ec756bd</td></tr>
<tr>
<td title='hw1.SubTests.subTestLong()'><b>subTestLong</b><br>Test class: hw1.SubTests<br>Parameters: 0 0, 0</td>
<td></td>
<td>0</td>
<td>hw1.SubTests@ec756bd</td></tr>
<tr>
<td title='hw1.MulTests.mulTestLong()'><b>mulTestLong</b><br>Test class: hw1.MulTests<br>Parameters: -123456789 123456789, -15241578750190521</td>
<td></td>
<td>0</td>
<td>hw1.MulTests@3c72f59f</td></tr>
</table><p>
</body>
</html>