<?xml version="1.0" encoding="UTF-8"?>
<!-- Generated by org.testng.reporters.JUnitXMLReporter -->
<testsuite ignored="0" hostname="DESKTOP-RCKJI8B" failures="4" tests="45" name="Functional" time="0.182" errors="0" timestamp="2021-03-27T15:54:54 MSK">
  <testcase classname="hw1.SumTests" name="sumTestDouble" time="0.005"/>
  <testcase classname="hw1.SumTests" name="sumTestDouble" time="0.002"/>
  <testcase classname="hw1.SumTests" name="sumTestDouble" time="0.001"/>
  <testcase classname="hw1.SumTests" name="sumTestDouble" time="0.0"/>
  <testcase classname="hw1.SumTests" name="sumTestDouble" time="0.0"/>
  <testcase classname="hw1.SumTests" name="sumTestLong" time="0.0"/>
  <testcase classname="hw1.SumTests" name="sumTestLong" time="0.001"/>
  <testcase classname="hw1.SumTests" name="sumTestLong" time="0.0"/>
  <testcase classname="hw1.SumTests" name="sumTestLong" time="0.001"/>
  <testcase classname="hw1.SumTests" name="sumTestLong" time="0.001"/>
  <testcase classname="hw1.SubTests" name="subTestDouble" time="0.001"/>
  <testcase classname="hw1.SubTests" name="subTestDouble" time="0.0"/>
  <testcase classname="hw1.SubTests" name="subTestDouble" time="0.001"/>
  <testcase classname="hw1.SubTests" name="subTestDouble" time="0.001"/>
  <testcase classname="hw1.SubTests" name="subTestDouble" time="0.001"/>
  <testcase classname="hw1.SubTests" name="subTestLong" time="0.0"/>
  <testcase classname="hw1.SubTests" name="subTestLong" time="0.0"/>
  <testcase classname="hw1.SubTests" name="subTestLong" time="0.001"/>
  <testcase classname="hw1.SubTests" name="subTestLong" time="0.0"/>
  <testcase classname="hw1.SubTests" name="subTestLong" time="0.007"/>
  <testcase classname="hw1.MulTests" name="mulTestDouble" time="0.002">
    <failure type="java.lang.AssertionError" message="expected [257.0] but found [257.8752]">
      <![CDATA[java.lang.AssertionError: expected [257.0] but found [257.8752]
at hw1.MulTests.mulTestDouble(MulTests.java:48)
at java.base/java.util.ArrayList.forEach(ArrayList.java:1511)
... Removed 35 stack frames]]>
    </failure>
  </testcase> <!-- mulTestDouble -->
  <testcase classname="hw1.MulTests" name="mulTestDouble" time="0.001"/>
  <testcase classname="hw1.MulTests" name="mulTestDouble" time="0.0"/>
  <testcase classname="hw1.MulTests" name="mulTestDouble" time="0.001"/>
  <testcase classname="hw1.MulTests" name="mulTestDouble" time="0.001">
    <failure type="java.lang.AssertionError" message="expected [-1800.0] but found [-1799.4564]">
      <![CDATA[java.lang.AssertionError: expected [-1800.0] but found [-1799.4564]
at hw1.MulTests.mulTestDouble(MulTests.java:48)
at java.base/java.util.ArrayList.forEach(ArrayList.java:1511)
... Removed 35 stack frames]]>
    </failure>
  </testcase> <!-- mulTestDouble -->
  <testcase classname="hw1.MulTests" name="mulTestDouble" time="0.001">
    <failure type="java.lang.AssertionError" message="expected [42.0] but found [42.42]">
      <![CDATA[java.lang.AssertionError: expected [42.0] but found [42.42]
at hw1.MulTests.mulTestDouble(MulTests.java:48)
at java.base/java.util.ArrayList.forEach(ArrayList.java:1511)
... Removed 35 stack frames]]>
    </failure>
  </testcase> <!-- mulTestDouble -->
  <testcase classname="hw1.MulTests" name="mulTestDouble" time="0.0">
    <failure type="java.lang.AssertionError" message="expected [42.0] but found [42.42]">
      <![CDATA[java.lang.AssertionError: expected [42.0] but found [42.42]
at hw1.MulTests.mulTestDouble(MulTests.java:48)
at java.base/java.util.ArrayList.forEach(ArrayList.java:1511)
... Removed 35 stack frames]]>
    </failure>
  </testcase> <!-- mulTestDouble -->
  <testcase classname="hw1.MulTests" name="mulTestLong" time="0.001"/>
  <testcase classname="hw1.MulTests" name="mulTestLong" time="0.0"/>
  <testcase classname="hw1.MulTests" name="mulTestLong" time="0.0"/>
  <testcase classname="hw1.MulTests" name="mulTestLong" time="0.0"/>
  <testcase classname="hw1.MulTests" name="mulTestLong" time="0.001"/>
  <testcase classname="hw1.MulTests" name="mulTestLong" time="0.0"/>
  <testcase classname="hw1.MulTests" name="mulTestLong" time="0.001"/>
  <testcase classname="hw1.DivTests" name="divTestDouble" time="0.001"/>
  <testcase classname="hw1.DivTests" name="divTestDouble" time="0.0"/>
  <testcase classname="hw1.DivTests" name="divTestDouble" time="0.0"/>
  <testcase classname="hw1.DivTests" name="divTestDouble" time="0.0"/>
  <testcase classname="hw1.DivTests" name="divTestDouble" time="0.0"/>
  <testcase classname="hw1.DivTests" name="divTestDouble" time="0.0"/>
  <testcase classname="hw1.DivTests" name="divTestLong" time="0.0"/>
  <testcase classname="hw1.DivTests" name="divTestLong" time="0.0"/>
  <testcase classname="hw1.DivTests" name="divTestLong" time="0.001"/>
  <testcase classname="hw1.DivTests" name="divTestLong" time="0.001"/>
  <testcase classname="hw1.DivTests" name="divTestLong" time="0.001"/>
</testsuite> <!-- Functional -->
