<?xml version="1.0" encoding="UTF-8"?>
<testng-results ignored="0" total="45" passed="41" failed="4" skipped="0">
  <reporter-output>
  </reporter-output>
  <suite started-at="2021-03-27T15:54:54 MSK" name="SumSubSuite" finished-at="2021-03-27T15:54:54 MSK" duration-ms="182">
    <groups>
    </groups>
    <test started-at="2021-03-27T15:54:54 MSK" name="Functional" finished-at="2021-03-27T15:54:54 MSK" duration-ms="182">
      <class name="hw1.DivTests">
        <test-method is-config="true" signature="setUp()[pri:0, instance:hw1.DivTests@16e7dcfd]" started-at="2021-03-27T15:54:54 MSK" name="setUp" finished-at="2021-03-27T15:54:54 MSK" duration-ms="1" status="PASS">
          <reporter-output>
          </reporter-output>
        </test-method> <!-- setUp -->
        <test-method signature="divTestDouble(java.lang.String,java.lang.String)[pri:0, instance:hw1.DivTests@16e7dcfd]" started-at="2021-03-27T15:54:54 MSK" name="divTestDouble" data-provider="divOperandsDouble" finished-at="2021-03-27T15:54:54 MSK" duration-ms="1" status="PASS">
          <params>
            <param index="0">
              <value>
                <![CDATA[21.12 0.5]]>
              </value>
            </param>
            <param index="1">
              <value>
                <![CDATA[42.24]]>
              </value>
            </param>
          </params>
          <reporter-output>
          </reporter-output>
        </test-method> <!-- divTestDouble -->
        <test-method signature="divTestDouble(java.lang.String,java.lang.String)[pri:0, instance:hw1.DivTests@16e7dcfd]" started-at="2021-03-27T15:54:54 MSK" name="divTestDouble" data-provider="divOperandsDouble" finished-at="2021-03-27T15:54:54 MSK" duration-ms="0" status="PASS">
          <params>
            <param index="0">
              <value>
                <![CDATA[0.0 42.42]]>
              </value>
            </param>
            <param index="1">
              <value>
                <![CDATA[0.0]]>
              </value>
            </param>
          </params>
          <reporter-output>
          </reporter-output>
        </test-method> <!-- divTestDouble -->
        <test-method signature="divTestDouble(java.lang.String,java.lang.String)[pri:0, instance:hw1.DivTests@16e7dcfd]" started-at="2021-03-27T15:54:54 MSK" name="divTestDouble" data-provider="divOperandsDouble" finished-at="2021-03-27T15:54:54 MSK" duration-ms="0" status="PASS">
          <params>
            <param index="0">
              <value>
                <![CDATA[-42.42 42.42]]>
              </value>
            </param>
            <param index="1">
              <value>
                <![CDATA[-1.0]]>
              </value>
            </param>
          </params>
          <reporter-output>
          </reporter-output>
        </test-method> <!-- divTestDouble -->
        <test-method signature="divTestDouble(java.lang.String,java.lang.String)[pri:0, instance:hw1.DivTests@16e7dcfd]" started-at="2021-03-27T15:54:54 MSK" name="divTestDouble" data-provider="divOperandsDouble" finished-at="2021-03-27T15:54:54 MSK" duration-ms="0" status="PASS">
          <params>
            <param index="0">
              <value>
                <![CDATA[42.42 -42.42]]>
              </value>
            </param>
            <param index="1">
              <value>
                <![CDATA[-1.0]]>
              </value>
            </param>
          </params>
          <reporter-output>
          </reporter-output>
        </test-method> <!-- divTestDouble -->
        <test-method signature="divTestDouble(java.lang.String,java.lang.String)[pri:0, instance:hw1.DivTests@16e7dcfd]" started-at="2021-03-27T15:54:54 MSK" name="divTestDouble" data-provider="divOperandsDouble" finished-at="2021-03-27T15:54:54 MSK" duration-ms="0" status="PASS">
          <params>
            <param index="0">
              <value>
                <![CDATA[42.42 1]]>
              </value>
            </param>
            <param index="1">
              <value>
                <![CDATA[42.42]]>
              </value>
            </param>
          </params>
          <reporter-output>
          </reporter-output>
        </test-method> <!-- divTestDouble -->
        <test-method signature="divTestDouble(java.lang.String,java.lang.String)[pri:0, instance:hw1.DivTests@16e7dcfd]" started-at="2021-03-27T15:54:54 MSK" name="divTestDouble" data-provider="divOperandsDouble" finished-at="2021-03-27T15:54:54 MSK" duration-ms="0" status="PASS">
          <params>
            <param index="0">
              <value>
                <![CDATA[42.42 -1]]>
              </value>
            </param>
            <param index="1">
              <value>
                <![CDATA[-42.42]]>
              </value>
            </param>
          </params>
          <reporter-output>
          </reporter-output>
        </test-method> <!-- divTestDouble -->
        <test-method signature="divTestLong(java.lang.String,java.lang.String)[pri:0, instance:hw1.DivTests@16e7dcfd]" started-at="2021-03-27T15:54:54 MSK" name="divTestLong" data-provider="divOperandsLong" finished-at="2021-03-27T15:54:54 MSK" duration-ms="0" status="PASS">
          <params>
            <param index="0">
              <value>
                <![CDATA[1234567890 1234567890]]>
              </value>
            </param>
            <param index="1">
              <value>
                <![CDATA[1]]>
              </value>
            </param>
          </params>
          <reporter-output>
          </reporter-output>
        </test-method> <!-- divTestLong -->
        <test-method signature="divTestLong(java.lang.String,java.lang.String)[pri:0, instance:hw1.DivTests@16e7dcfd]" started-at="2021-03-27T15:54:54 MSK" name="divTestLong" data-provider="divOperandsLong" finished-at="2021-03-27T15:54:54 MSK" duration-ms="0" status="PASS">
          <params>
            <param index="0">
              <value>
                <![CDATA[0 321321]]>
              </value>
            </param>
            <param index="1">
              <value>
                <![CDATA[0]]>
              </value>
            </param>
          </params>
          <reporter-output>
          </reporter-output>
        </test-method> <!-- divTestLong -->
        <test-method signature="divTestLong(java.lang.String,java.lang.String)[pri:0, instance:hw1.DivTests@16e7dcfd]" started-at="2021-03-27T15:54:54 MSK" name="divTestLong" data-provider="divOperandsLong" finished-at="2021-03-27T15:54:54 MSK" duration-ms="1" status="PASS">
          <params>
            <param index="0">
              <value>
                <![CDATA[-123456789 123456789]]>
              </value>
            </param>
            <param index="1">
              <value>
                <![CDATA[-1]]>
              </value>
            </param>
          </params>
          <reporter-output>
          </reporter-output>
        </test-method> <!-- divTestLong -->
        <test-method signature="divTestLong(java.lang.String,java.lang.String)[pri:0, instance:hw1.DivTests@16e7dcfd]" started-at="2021-03-27T15:54:54 MSK" name="divTestLong" data-provider="divOperandsLong" finished-at="2021-03-27T15:54:54 MSK" duration-ms="1" status="PASS">
          <params>
            <param index="0">
              <value>
                <![CDATA[123123123 1]]>
              </value>
            </param>
            <param index="1">
              <value>
                <![CDATA[123123123]]>
              </value>
            </param>
          </params>
          <reporter-output>
          </reporter-output>
        </test-method> <!-- divTestLong -->
        <test-method signature="divTestLong(java.lang.String,java.lang.String)[pri:0, instance:hw1.DivTests@16e7dcfd]" started-at="2021-03-27T15:54:54 MSK" name="divTestLong" data-provider="divOperandsLong" finished-at="2021-03-27T15:54:54 MSK" duration-ms="1" status="PASS">
          <params>
            <param index="0">
              <value>
                <![CDATA[123123123 -1]]>
              </value>
            </param>
            <param index="1">
              <value>
                <![CDATA[-123123123]]>
              </value>
            </param>
          </params>
          <reporter-output>
          </reporter-output>
        </test-method> <!-- divTestLong -->
      </class> <!-- hw1.DivTests -->
      <class name="hw1.SubTests">
        <test-method is-config="true" signature="setUp()[pri:0, instance:hw1.SubTests@ec756bd]" started-at="2021-03-27T15:54:54 MSK" name="setUp" finished-at="2021-03-27T15:54:54 MSK" duration-ms="0" status="PASS">
          <reporter-output>
          </reporter-output>
        </test-method> <!-- setUp -->
        <test-method signature="subTestDouble(java.lang.String,java.lang.String)[pri:0, instance:hw1.SubTests@ec756bd]" started-at="2021-03-27T15:54:54 MSK" name="subTestDouble" data-provider="subOperandsDouble" finished-at="2021-03-27T15:54:54 MSK" duration-ms="1" status="PASS">
          <params>
            <param index="0">
              <value>
                <![CDATA[12.21 21.12]]>
              </value>
            </param>
            <param index="1">
              <value>
                <![CDATA[-8.91]]>
              </value>
            </param>
          </params>
          <reporter-output>
          </reporter-output>
        </test-method> <!-- subTestDouble -->
        <test-method signature="subTestDouble(java.lang.String,java.lang.String)[pri:0, instance:hw1.SubTests@ec756bd]" started-at="2021-03-27T15:54:54 MSK" name="subTestDouble" data-provider="subOperandsDouble" finished-at="2021-03-27T15:54:54 MSK" duration-ms="0" status="PASS">
          <params>
            <param index="0">
              <value>
                <![CDATA[42.42 0.0]]>
              </value>
            </param>
            <param index="1">
              <value>
                <![CDATA[42.42]]>
              </value>
            </param>
          </params>
          <reporter-output>
          </reporter-output>
        </test-method> <!-- subTestDouble -->
        <test-method signature="subTestDouble(java.lang.String,java.lang.String)[pri:0, instance:hw1.SubTests@ec756bd]" started-at="2021-03-27T15:54:54 MSK" name="subTestDouble" data-provider="subOperandsDouble" finished-at="2021-03-27T15:54:54 MSK" duration-ms="1" status="PASS">
          <params>
            <param index="0">
              <value>
                <![CDATA[0.0 42.42]]>
              </value>
            </param>
            <param index="1">
              <value>
                <![CDATA[-42.42]]>
              </value>
            </param>
          </params>
          <reporter-output>
          </reporter-output>
        </test-method> <!-- subTestDouble -->
        <test-method signature="subTestDouble(java.lang.String,java.lang.String)[pri:0, instance:hw1.SubTests@ec756bd]" started-at="2021-03-27T15:54:54 MSK" name="subTestDouble" data-provider="subOperandsDouble" finished-at="2021-03-27T15:54:54 MSK" duration-ms="1" status="PASS">
          <params>
            <param index="0">
              <value>
                <![CDATA[0.0 0.0]]>
              </value>
            </param>
            <param index="1">
              <value>
                <![CDATA[0.0]]>
              </value>
            </param>
          </params>
          <reporter-output>
          </reporter-output>
        </test-method> <!-- subTestDouble -->
        <test-method signature="subTestDouble(java.lang.String,java.lang.String)[pri:0, instance:hw1.SubTests@ec756bd]" started-at="2021-03-27T15:54:54 MSK" name="subTestDouble" data-provider="subOperandsDouble" finished-at="2021-03-27T15:54:54 MSK" duration-ms="1" status="PASS">
          <params>
            <param index="0">
              <value>
                <![CDATA[42.42 42.42]]>
              </value>
            </param>
            <param index="1">
              <value>
                <![CDATA[0.0]]>
              </value>
            </param>
          </params>
          <reporter-output>
          </reporter-output>
        </test-method> <!-- subTestDouble -->
        <test-method signature="subTestLong(java.lang.String,java.lang.String)[pri:0, instance:hw1.SubTests@ec756bd]" started-at="2021-03-27T15:54:54 MSK" name="subTestLong" data-provider="subOperandsLong" finished-at="2021-03-27T15:54:54 MSK" duration-ms="0" status="PASS">
          <params>
            <param index="0">
              <value>
                <![CDATA[9876543210 1234567890]]>
              </value>
            </param>
            <param index="1">
              <value>
                <![CDATA[8641975320]]>
              </value>
            </param>
          </params>
          <reporter-output>
          </reporter-output>
        </test-method> <!-- subTestLong -->
        <test-method signature="subTestLong(java.lang.String,java.lang.String)[pri:0, instance:hw1.SubTests@ec756bd]" started-at="2021-03-27T15:54:54 MSK" name="subTestLong" data-provider="subOperandsLong" finished-at="2021-03-27T15:54:54 MSK" duration-ms="1" status="PASS">
          <params>
            <param index="0">
              <value>
                <![CDATA[0 321321]]>
              </value>
            </param>
            <param index="1">
              <value>
                <![CDATA[-321321]]>
              </value>
            </param>
          </params>
          <reporter-output>
          </reporter-output>
        </test-method> <!-- subTestLong -->
        <test-method signature="subTestLong(java.lang.String,java.lang.String)[pri:0, instance:hw1.SubTests@ec756bd]" started-at="2021-03-27T15:54:54 MSK" name="subTestLong" data-provider="subOperandsLong" finished-at="2021-03-27T15:54:54 MSK" duration-ms="0" status="PASS">
          <params>
            <param index="0">
              <value>
                <![CDATA[123123 0]]>
              </value>
            </param>
            <param index="1">
              <value>
                <![CDATA[123123]]>
              </value>
            </param>
          </params>
          <reporter-output>
          </reporter-output>
        </test-method> <!-- subTestLong -->
        <test-method signature="subTestLong(java.lang.String,java.lang.String)[pri:0, instance:hw1.SubTests@ec756bd]" started-at="2021-03-27T15:54:54 MSK" name="subTestLong" data-provider="subOperandsLong" finished-at="2021-03-27T15:54:54 MSK" duration-ms="0" status="PASS">
          <params>
            <param index="0">
              <value>
                <![CDATA[0 0]]>
              </value>
            </param>
            <param index="1">
              <value>
                <![CDATA[0]]>
              </value>
            </param>
          </params>
          <reporter-output>
          </reporter-output>
        </test-method> <!-- subTestLong -->
        <test-method signature="subTestLong(java.lang.String,java.lang.String)[pri:0, instance:hw1.SubTests@ec756bd]" started-at="2021-03-27T15:54:54 MSK" name="subTestLong" data-provider="subOperandsLong" finished-at="2021-03-27T15:54:54 MSK" duration-ms="7" status="PASS">
          <params>
            <param index="0">
              <value>
                <![CDATA[123456789 123456789]]>
              </value>
            </param>
            <param index="1">
              <value>
                <![CDATA[0]]>
              </value>
            </param>
          </params>
          <reporter-output>
          </reporter-output>
        </test-method> <!-- subTestLong -->
      </class> <!-- hw1.SubTests -->
      <class name="hw1.MulTests">
        <test-method is-config="true" signature="setUp()[pri:0, instance:hw1.MulTests@3c72f59f]" started-at="2021-03-27T15:54:54 MSK" name="setUp" finished-at="2021-03-27T15:54:54 MSK" duration-ms="0" status="PASS">
          <reporter-output>
          </reporter-output>
        </test-method> <!-- setUp -->
        <test-method signature="mulTestDouble(java.lang.String,java.lang.String)[pri:0, instance:hw1.MulTests@3c72f59f]" started-at="2021-03-27T15:54:54 MSK" name="mulTestDouble" data-provider="mulOperandsDouble" finished-at="2021-03-27T15:54:54 MSK" duration-ms="2" status="FAIL">
          <params>
            <param index="0">
              <value>
                <![CDATA[12.21 21.12]]>
              </value>
            </param>
            <param index="1">
              <value>
                <![CDATA[257.8752]]>
              </value>
            </param>
          </params>
          <exception class="java.lang.AssertionError">
            <message>
              <![CDATA[expected [257.0] but found [257.8752]]]>
            </message>
            <full-stacktrace>
              <![CDATA[java.lang.AssertionError: expected [257.0] but found [257.8752]
at org.testng.Assert.fail(Assert.java:99)
at org.testng.Assert.failNotEquals(Assert.java:1037)
at org.testng.Assert.assertEquals(Assert.java:671)
at org.testng.Assert.assertEquals(Assert.java:684)
at hw1.MulTests.mulTestDouble(MulTests.java:48)
at java.base/jdk.internal.reflect.NativeMethodAccessorImpl.invoke0(Native Method)
at java.base/jdk.internal.reflect.NativeMethodAccessorImpl.invoke(NativeMethodAccessorImpl.java:64)
at java.base/jdk.internal.reflect.DelegatingMethodAccessorImpl.invoke(DelegatingMethodAccessorImpl.java:43)
at java.base/java.lang.reflect.Method.invoke(Method.java:564)
at org.testng.internal.MethodInvocationHelper.invokeMethod(MethodInvocationHelper.java:133)
at org.testng.internal.TestInvoker.invokeMethod(TestInvoker.java:598)
at org.testng.internal.TestInvoker.invokeTestMethod(TestInvoker.java:173)
at org.testng.internal.MethodRunner.runInSequence(MethodRunner.java:46)
at org.testng.internal.TestInvoker$MethodInvocationAgent.invoke(TestInvoker.java:824)
at org.testng.internal.TestInvoker.invokeTestMethods(TestInvoker.java:146)
at org.testng.internal.TestMethodWorker.invokeTestMethods(TestMethodWorker.java:146)
at org.testng.internal.TestMethodWorker.run(TestMethodWorker.java:128)
at java.base/java.util.ArrayList.forEach(ArrayList.java:1511)
at org.testng.TestRunner.privateRun(TestRunner.java:794)
at org.testng.TestRunner.run(TestRunner.java:596)
at org.testng.SuiteRunner.runTest(SuiteRunner.java:377)
at org.testng.SuiteRunner.runSequentially(SuiteRunner.java:371)
at org.testng.SuiteRunner.privateRun(SuiteRunner.java:332)
at org.testng.SuiteRunner.run(SuiteRunner.java:276)
at org.testng.SuiteRunnerWorker.runSuite(SuiteRunnerWorker.java:53)
at org.testng.SuiteRunnerWorker.run(SuiteRunnerWorker.java:96)
at org.testng.TestNG.runSuitesSequentially(TestNG.java:1212)
at org.testng.TestNG.runSuitesLocally(TestNG.java:1134)
at org.testng.TestNG.runSuites(TestNG.java:1063)
at org.testng.TestNG.run(TestNG.java:1031)
at org.apache.maven.surefire.testng.TestNGExecutor.run(TestNGExecutor.java:284)
at org.apache.maven.surefire.testng.TestNGXmlTestSuite.execute(TestNGXmlTestSuite.java:75)
at org.apache.maven.surefire.testng.TestNGProvider.invoke(TestNGProvider.java:119)
at org.apache.maven.surefire.booter.ForkedBooter.runSuitesInProcess(ForkedBooter.java:428)
at org.apache.maven.surefire.booter.ForkedBooter.execute(ForkedBooter.java:162)
at org.apache.maven.surefire.booter.ForkedBooter.run(ForkedBooter.java:562)
at org.apache.maven.surefire.booter.ForkedBooter.main(ForkedBooter.java:548)
]]>
            </full-stacktrace>
          </exception> <!-- java.lang.AssertionError -->
          <reporter-output>
          </reporter-output>
        </test-method> <!-- mulTestDouble -->
        <test-method signature="mulTestDouble(java.lang.String,java.lang.String)[pri:0, instance:hw1.MulTests@3c72f59f]" started-at="2021-03-27T15:54:54 MSK" name="mulTestDouble" data-provider="mulOperandsDouble" finished-at="2021-03-27T15:54:54 MSK" duration-ms="1" status="PASS">
          <params>
            <param index="0">
              <value>
                <![CDATA[42.42 0.0]]>
              </value>
            </param>
            <param index="1">
              <value>
                <![CDATA[0.0]]>
              </value>
            </param>
          </params>
          <reporter-output>
          </reporter-output>
        </test-method> <!-- mulTestDouble -->
        <test-method signature="mulTestDouble(java.lang.String,java.lang.String)[pri:0, instance:hw1.MulTests@3c72f59f]" started-at="2021-03-27T15:54:54 MSK" name="mulTestDouble" data-provider="mulOperandsDouble" finished-at="2021-03-27T15:54:54 MSK" duration-ms="0" status="PASS">
          <params>
            <param index="0">
              <value>
                <![CDATA[0.0 42.42]]>
              </value>
            </param>
            <param index="1">
              <value>
                <![CDATA[0.0]]>
              </value>
            </param>
          </params>
          <reporter-output>
          </reporter-output>
        </test-method> <!-- mulTestDouble -->
        <test-method signature="mulTestDouble(java.lang.String,java.lang.String)[pri:0, instance:hw1.MulTests@3c72f59f]" started-at="2021-03-27T15:54:54 MSK" name="mulTestDouble" data-provider="mulOperandsDouble" finished-at="2021-03-27T15:54:54 MSK" duration-ms="1" status="PASS">
          <params>
            <param index="0">
              <value>
                <![CDATA[0.0 0.0]]>
              </value>
            </param>
            <param index="1">
              <value>
                <![CDATA[0.0]]>
              </value>
            </param>
          </params>
          <reporter-output>
          </reporter-output>
        </test-method> <!-- mulTestDouble -->
        <test-method signature="mulTestDouble(java.lang.String,java.lang.String)[pri:0, instance:hw1.MulTests@3c72f59f]" started-at="2021-03-27T15:54:54 MSK" name="mulTestDouble" data-provider="mulOperandsDouble" finished-at="2021-03-27T15:54:54 MSK" duration-ms="1" status="FAIL">
          <params>
            <param index="0">
              <value>
                <![CDATA[-42.42 42.42]]>
              </value>
            </param>
            <param index="1">
              <value>
                <![CDATA[-1799.4564]]>
              </value>
            </param>
          </params>
          <exception class="java.lang.AssertionError">
            <message>
              <![CDATA[expected [-1800.0] but found [-1799.4564]]]>
            </message>
            <full-stacktrace>
              <![CDATA[java.lang.AssertionError: expected [-1800.0] but found [-1799.4564]
at org.testng.Assert.fail(Assert.java:99)
at org.testng.Assert.failNotEquals(Assert.java:1037)
at org.testng.Assert.assertEquals(Assert.java:671)
at org.testng.Assert.assertEquals(Assert.java:684)
at hw1.MulTests.mulTestDouble(MulTests.java:48)
at java.base/jdk.internal.reflect.NativeMethodAccessorImpl.invoke0(Native Method)
at java.base/jdk.internal.reflect.NativeMethodAccessorImpl.invoke(NativeMethodAccessorImpl.java:64)
at java.base/jdk.internal.reflect.DelegatingMethodAccessorImpl.invoke(DelegatingMethodAccessorImpl.java:43)
at java.base/java.lang.reflect.Method.invoke(Method.java:564)
at org.testng.internal.MethodInvocationHelper.invokeMethod(MethodInvocationHelper.java:133)
at org.testng.internal.TestInvoker.invokeMethod(TestInvoker.java:598)
at org.testng.internal.TestInvoker.invokeTestMethod(TestInvoker.java:173)
at org.testng.internal.MethodRunner.runInSequence(MethodRunner.java:46)
at org.testng.internal.TestInvoker$MethodInvocationAgent.invoke(TestInvoker.java:824)
at org.testng.internal.TestInvoker.invokeTestMethods(TestInvoker.java:146)
at org.testng.internal.TestMethodWorker.invokeTestMethods(TestMethodWorker.java:146)
at org.testng.internal.TestMethodWorker.run(TestMethodWorker.java:128)
at java.base/java.util.ArrayList.forEach(ArrayList.java:1511)
at org.testng.TestRunner.privateRun(TestRunner.java:794)
at org.testng.TestRunner.run(TestRunner.java:596)
at org.testng.SuiteRunner.runTest(SuiteRunner.java:377)
at org.testng.SuiteRunner.runSequentially(SuiteRunner.java:371)
at org.testng.SuiteRunner.privateRun(SuiteRunner.java:332)
at org.testng.SuiteRunner.run(SuiteRunner.java:276)
at org.testng.SuiteRunnerWorker.runSuite(SuiteRunnerWorker.java:53)
at org.testng.SuiteRunnerWorker.run(SuiteRunnerWorker.java:96)
at org.testng.TestNG.runSuitesSequentially(TestNG.java:1212)
at org.testng.TestNG.runSuitesLocally(TestNG.java:1134)
at org.testng.TestNG.runSuites(TestNG.java:1063)
at org.testng.TestNG.run(TestNG.java:1031)
at org.apache.maven.surefire.testng.TestNGExecutor.run(TestNGExecutor.java:284)
at org.apache.maven.surefire.testng.TestNGXmlTestSuite.execute(TestNGXmlTestSuite.java:75)
at org.apache.maven.surefire.testng.TestNGProvider.invoke(TestNGProvider.java:119)
at org.apache.maven.surefire.booter.ForkedBooter.runSuitesInProcess(ForkedBooter.java:428)
at org.apache.maven.surefire.booter.ForkedBooter.execute(ForkedBooter.java:162)
at org.apache.maven.surefire.booter.ForkedBooter.run(ForkedBooter.java:562)
at org.apache.maven.surefire.booter.ForkedBooter.main(ForkedBooter.java:548)
]]>
            </full-stacktrace>
          </exception> <!-- java.lang.AssertionError -->
          <reporter-output>
          </reporter-output>
        </test-method> <!-- mulTestDouble -->
        <test-method signature="mulTestDouble(java.lang.String,java.lang.String)[pri:0, instance:hw1.MulTests@3c72f59f]" started-at="2021-03-27T15:54:54 MSK" name="mulTestDouble" data-provider="mulOperandsDouble" finished-at="2021-03-27T15:54:54 MSK" duration-ms="1" status="FAIL">
          <params>
            <param index="0">
              <value>
                <![CDATA[42.42 1]]>
              </value>
            </param>
            <param index="1">
              <value>
                <![CDATA[42.42]]>
              </value>
            </param>
          </params>
          <exception class="java.lang.AssertionError">
            <message>
              <![CDATA[expected [42.0] but found [42.42]]]>
            </message>
            <full-stacktrace>
              <![CDATA[java.lang.AssertionError: expected [42.0] but found [42.42]
at org.testng.Assert.fail(Assert.java:99)
at org.testng.Assert.failNotEquals(Assert.java:1037)
at org.testng.Assert.assertEquals(Assert.java:671)
at org.testng.Assert.assertEquals(Assert.java:684)
at hw1.MulTests.mulTestDouble(MulTests.java:48)
at java.base/jdk.internal.reflect.NativeMethodAccessorImpl.invoke0(Native Method)
at java.base/jdk.internal.reflect.NativeMethodAccessorImpl.invoke(NativeMethodAccessorImpl.java:64)
at java.base/jdk.internal.reflect.DelegatingMethodAccessorImpl.invoke(DelegatingMethodAccessorImpl.java:43)
at java.base/java.lang.reflect.Method.invoke(Method.java:564)
at org.testng.internal.MethodInvocationHelper.invokeMethod(MethodInvocationHelper.java:133)
at org.testng.internal.TestInvoker.invokeMethod(TestInvoker.java:598)
at org.testng.internal.TestInvoker.invokeTestMethod(TestInvoker.java:173)
at org.testng.internal.MethodRunner.runInSequence(MethodRunner.java:46)
at org.testng.internal.TestInvoker$MethodInvocationAgent.invoke(TestInvoker.java:824)
at org.testng.internal.TestInvoker.invokeTestMethods(TestInvoker.java:146)
at org.testng.internal.TestMethodWorker.invokeTestMethods(TestMethodWorker.java:146)
at org.testng.internal.TestMethodWorker.run(TestMethodWorker.java:128)
at java.base/java.util.ArrayList.forEach(ArrayList.java:1511)
at org.testng.TestRunner.privateRun(TestRunner.java:794)
at org.testng.TestRunner.run(TestRunner.java:596)
at org.testng.SuiteRunner.runTest(SuiteRunner.java:377)
at org.testng.SuiteRunner.runSequentially(SuiteRunner.java:371)
at org.testng.SuiteRunner.privateRun(SuiteRunner.java:332)
at org.testng.SuiteRunner.run(SuiteRunner.java:276)
at org.testng.SuiteRunnerWorker.runSuite(SuiteRunnerWorker.java:53)
at org.testng.SuiteRunnerWorker.run(SuiteRunnerWorker.java:96)
at org.testng.TestNG.runSuitesSequentially(TestNG.java:1212)
at org.testng.TestNG.runSuitesLocally(TestNG.java:1134)
at org.testng.TestNG.runSuites(TestNG.java:1063)
at org.testng.TestNG.run(TestNG.java:1031)
at org.apache.maven.surefire.testng.TestNGExecutor.run(TestNGExecutor.java:284)
at org.apache.maven.surefire.testng.TestNGXmlTestSuite.execute(TestNGXmlTestSuite.java:75)
at org.apache.maven.surefire.testng.TestNGProvider.invoke(TestNGProvider.java:119)
at org.apache.maven.surefire.booter.ForkedBooter.runSuitesInProcess(ForkedBooter.java:428)
at org.apache.maven.surefire.booter.ForkedBooter.execute(ForkedBooter.java:162)
at org.apache.maven.surefire.booter.ForkedBooter.run(ForkedBooter.java:562)
at org.apache.maven.surefire.booter.ForkedBooter.main(ForkedBooter.java:548)
]]>
            </full-stacktrace>
          </exception> <!-- java.lang.AssertionError -->
          <reporter-output>
          </reporter-output>
        </test-method> <!-- mulTestDouble -->
        <test-method signature="mulTestDouble(java.lang.String,java.lang.String)[pri:0, instance:hw1.MulTests@3c72f59f]" started-at="2021-03-27T15:54:54 MSK" name="mulTestDouble" data-provider="mulOperandsDouble" finished-at="2021-03-27T15:54:54 MSK" duration-ms="0" status="FAIL">
          <params>
            <param index="0">
              <value>
                <![CDATA[1 42.42]]>
              </value>
            </param>
            <param index="1">
              <value>
                <![CDATA[42.42]]>
              </value>
            </param>
          </params>
          <exception class="java.lang.AssertionError">
            <message>
              <![CDATA[expected [42.0] but found [42.42]]]>
            </message>
            <full-stacktrace>
              <![CDATA[java.lang.AssertionError: expected [42.0] but found [42.42]
at org.testng.Assert.fail(Assert.java:99)
at org.testng.Assert.failNotEquals(Assert.java:1037)
at org.testng.Assert.assertEquals(Assert.java:671)
at org.testng.Assert.assertEquals(Assert.java:684)
at hw1.MulTests.mulTestDouble(MulTests.java:48)
at java.base/jdk.internal.reflect.NativeMethodAccessorImpl.invoke0(Native Method)
at java.base/jdk.internal.reflect.NativeMethodAccessorImpl.invoke(NativeMethodAccessorImpl.java:64)
at java.base/jdk.internal.reflect.DelegatingMethodAccessorImpl.invoke(DelegatingMethodAccessorImpl.java:43)
at java.base/java.lang.reflect.Method.invoke(Method.java:564)
at org.testng.internal.MethodInvocationHelper.invokeMethod(MethodInvocationHelper.java:133)
at org.testng.internal.TestInvoker.invokeMethod(TestInvoker.java:598)
at org.testng.internal.TestInvoker.invokeTestMethod(TestInvoker.java:173)
at org.testng.internal.MethodRunner.runInSequence(MethodRunner.java:46)
at org.testng.internal.TestInvoker$MethodInvocationAgent.invoke(TestInvoker.java:824)
at org.testng.internal.TestInvoker.invokeTestMethods(TestInvoker.java:146)
at org.testng.internal.TestMethodWorker.invokeTestMethods(TestMethodWorker.java:146)
at org.testng.internal.TestMethodWorker.run(TestMethodWorker.java:128)
at java.base/java.util.ArrayList.forEach(ArrayList.java:1511)
at org.testng.TestRunner.privateRun(TestRunner.java:794)
at org.testng.TestRunner.run(TestRunner.java:596)
at org.testng.SuiteRunner.runTest(SuiteRunner.java:377)
at org.testng.SuiteRunner.runSequentially(SuiteRunner.java:371)
at org.testng.SuiteRunner.privateRun(SuiteRunner.java:332)
at org.testng.SuiteRunner.run(SuiteRunner.java:276)
at org.testng.SuiteRunnerWorker.runSuite(SuiteRunnerWorker.java:53)
at org.testng.SuiteRunnerWorker.run(SuiteRunnerWorker.java:96)
at org.testng.TestNG.runSuitesSequentially(TestNG.java:1212)
at org.testng.TestNG.runSuitesLocally(TestNG.java:1134)
at org.testng.TestNG.runSuites(TestNG.java:1063)
at org.testng.TestNG.run(TestNG.java:1031)
at org.apache.maven.surefire.testng.TestNGExecutor.run(TestNGExecutor.java:284)
at org.apache.maven.surefire.testng.TestNGXmlTestSuite.execute(TestNGXmlTestSuite.java:75)
at org.apache.maven.surefire.testng.TestNGProvider.invoke(TestNGProvider.java:119)
at org.apache.maven.surefire.booter.ForkedBooter.runSuitesInProcess(ForkedBooter.java:428)
at org.apache.maven.surefire.booter.ForkedBooter.execute(ForkedBooter.java:162)
at org.apache.maven.surefire.booter.ForkedBooter.run(ForkedBooter.java:562)
at org.apache.maven.surefire.booter.ForkedBooter.main(ForkedBooter.java:548)
]]>
            </full-stacktrace>
          </exception> <!-- java.lang.AssertionError -->
          <reporter-output>
          </reporter-output>
        </test-method> <!-- mulTestDouble -->
        <test-method signature="mulTestLong(java.lang.String,java.lang.String)[pri:0, instance:hw1.MulTests@3c72f59f]" started-at="2021-03-27T15:54:54 MSK" name="mulTestLong" data-provider="mulOperandsLong" finished-at="2021-03-27T15:54:54 MSK" duration-ms="1" status="PASS">
          <params>
            <param index="0">
              <value>
                <![CDATA[123456 987654]]>
              </value>
            </param>
            <param index="1">
              <value>
                <![CDATA[121931812224]]>
              </value>
            </param>
          </params>
          <reporter-output>
          </reporter-output>
        </test-method> <!-- mulTestLong -->
        <test-method signature="mulTestLong(java.lang.String,java.lang.String)[pri:0, instance:hw1.MulTests@3c72f59f]" started-at="2021-03-27T15:54:54 MSK" name="mulTestLong" data-provider="mulOperandsLong" finished-at="2021-03-27T15:54:54 MSK" duration-ms="0" status="PASS">
          <params>
            <param index="0">
              <value>
                <![CDATA[123123 0]]>
              </value>
            </param>
            <param index="1">
              <value>
                <![CDATA[0]]>
              </value>
            </param>
          </params>
          <reporter-output>
          </reporter-output>
        </test-method> <!-- mulTestLong -->
        <test-method signature="mulTestLong(java.lang.String,java.lang.String)[pri:0, instance:hw1.MulTests@3c72f59f]" started-at="2021-03-27T15:54:54 MSK" name="mulTestLong" data-provider="mulOperandsLong" finished-at="2021-03-27T15:54:54 MSK" duration-ms="0" status="PASS">
          <params>
            <param index="0">
              <value>
                <![CDATA[0 321321]]>
              </value>
            </param>
            <param index="1">
              <value>
                <![CDATA[0]]>
              </value>
            </param>
          </params>
          <reporter-output>
          </reporter-output>
        </test-method> <!-- mulTestLong -->
        <test-method signature="mulTestLong(java.lang.String,java.lang.String)[pri:0, instance:hw1.MulTests@3c72f59f]" started-at="2021-03-27T15:54:54 MSK" name="mulTestLong" data-provider="mulOperandsLong" finished-at="2021-03-27T15:54:54 MSK" duration-ms="0" status="PASS">
          <params>
            <param index="0">
              <value>
                <![CDATA[0 0]]>
              </value>
            </param>
            <param index="1">
              <value>
                <![CDATA[0]]>
              </value>
            </param>
          </params>
          <reporter-output>
          </reporter-output>
        </test-method> <!-- mulTestLong -->
        <test-method signature="mulTestLong(java.lang.String,java.lang.String)[pri:0, instance:hw1.MulTests@3c72f59f]" started-at="2021-03-27T15:54:54 MSK" name="mulTestLong" data-provider="mulOperandsLong" finished-at="2021-03-27T15:54:54 MSK" duration-ms="1" status="PASS">
          <params>
            <param index="0">
              <value>
                <![CDATA[-123456789 123456789]]>
              </value>
            </param>
            <param index="1">
              <value>
                <![CDATA[-15241578750190521]]>
              </value>
            </param>
          </params>
          <reporter-output>
          </reporter-output>
        </test-method> <!-- mulTestLong -->
        <test-method signature="mulTestLong(java.lang.String,java.lang.String)[pri:0, instance:hw1.MulTests@3c72f59f]" started-at="2021-03-27T15:54:54 MSK" name="mulTestLong" data-provider="mulOperandsLong" finished-at="2021-03-27T15:54:54 MSK" duration-ms="1" status="PASS">
          <params>
            <param index="0">
              <value>
                <![CDATA[1 123123]]>
              </value>
            </param>
            <param index="1">
              <value>
                <![CDATA[123123]]>
              </value>
            </param>
          </params>
          <reporter-output>
          </reporter-output>
        </test-method> <!-- mulTestLong -->
        <test-method signature="mulTestLong(java.lang.String,java.lang.String)[pri:0, instance:hw1.MulTests@3c72f59f]" started-at="2021-03-27T15:54:54 MSK" name="mulTestLong" data-provider="mulOperandsLong" finished-at="2021-03-27T15:54:54 MSK" duration-ms="0" status="PASS">
          <params>
            <param index="0">
              <value>
                <![CDATA[123123 1]]>
              </value>
            </param>
            <param index="1">
              <value>
                <![CDATA[123123]]>
              </value>
            </param>
          </params>
          <reporter-output>
          </reporter-output>
        </test-method> <!-- mulTestLong -->
      </class> <!-- hw1.MulTests -->
      <class name="hw1.SumTests">
        <test-method is-config="true" signature="setUp()[pri:0, instance:hw1.SumTests@2fd6b6c7]" started-at="2021-03-27T15:54:54 MSK" name="setUp" finished-at="2021-03-27T15:54:54 MSK" duration-ms="22" status="PASS">
          <reporter-output>
          </reporter-output>
        </test-method> <!-- setUp -->
        <test-method signature="sumTestDouble(java.lang.String,java.lang.String)[pri:0, instance:hw1.SumTests@2fd6b6c7]" started-at="2021-03-27T15:54:54 MSK" name="sumTestDouble" data-provider="sumOperandsDouble" finished-at="2021-03-27T15:54:54 MSK" duration-ms="5" status="PASS">
          <params>
            <param index="0">
              <value>
                <![CDATA[12.21 21.12]]>
              </value>
            </param>
            <param index="1">
              <value>
                <![CDATA[33.33]]>
              </value>
            </param>
          </params>
          <reporter-output>
          </reporter-output>
        </test-method> <!-- sumTestDouble -->
        <test-method signature="sumTestDouble(java.lang.String,java.lang.String)[pri:0, instance:hw1.SumTests@2fd6b6c7]" started-at="2021-03-27T15:54:54 MSK" name="sumTestDouble" data-provider="sumOperandsDouble" finished-at="2021-03-27T15:54:54 MSK" duration-ms="2" status="PASS">
          <params>
            <param index="0">
              <value>
                <![CDATA[42.42 0.0]]>
              </value>
            </param>
            <param index="1">
              <value>
                <![CDATA[42.42]]>
              </value>
            </param>
          </params>
          <reporter-output>
          </reporter-output>
        </test-method> <!-- sumTestDouble -->
        <test-method signature="sumTestDouble(java.lang.String,java.lang.String)[pri:0, instance:hw1.SumTests@2fd6b6c7]" started-at="2021-03-27T15:54:54 MSK" name="sumTestDouble" data-provider="sumOperandsDouble" finished-at="2021-03-27T15:54:54 MSK" duration-ms="1" status="PASS">
          <params>
            <param index="0">
              <value>
                <![CDATA[0.0 42.42]]>
              </value>
            </param>
            <param index="1">
              <value>
                <![CDATA[42.42]]>
              </value>
            </param>
          </params>
          <reporter-output>
          </reporter-output>
        </test-method> <!-- sumTestDouble -->
        <test-method signature="sumTestDouble(java.lang.String,java.lang.String)[pri:0, instance:hw1.SumTests@2fd6b6c7]" started-at="2021-03-27T15:54:54 MSK" name="sumTestDouble" data-provider="sumOperandsDouble" finished-at="2021-03-27T15:54:54 MSK" duration-ms="0" status="PASS">
          <params>
            <param index="0">
              <value>
                <![CDATA[0.0 0.0]]>
              </value>
            </param>
            <param index="1">
              <value>
                <![CDATA[0.0]]>
              </value>
            </param>
          </params>
          <reporter-output>
          </reporter-output>
        </test-method> <!-- sumTestDouble -->
        <test-method signature="sumTestDouble(java.lang.String,java.lang.String)[pri:0, instance:hw1.SumTests@2fd6b6c7]" started-at="2021-03-27T15:54:54 MSK" name="sumTestDouble" data-provider="sumOperandsDouble" finished-at="2021-03-27T15:54:54 MSK" duration-ms="0" status="PASS">
          <params>
            <param index="0">
              <value>
                <![CDATA[-42.42 42.42]]>
              </value>
            </param>
            <param index="1">
              <value>
                <![CDATA[0.0]]>
              </value>
            </param>
          </params>
          <reporter-output>
          </reporter-output>
        </test-method> <!-- sumTestDouble -->
        <test-method signature="sumTestLong(java.lang.String,java.lang.String)[pri:0, instance:hw1.SumTests@2fd6b6c7]" started-at="2021-03-27T15:54:54 MSK" name="sumTestLong" data-provider="sumOperandsLong" finished-at="2021-03-27T15:54:54 MSK" duration-ms="0" status="PASS">
          <params>
            <param index="0">
              <value>
                <![CDATA[1234567890 9876543210]]>
              </value>
            </param>
            <param index="1">
              <value>
                <![CDATA[11111111100]]>
              </value>
            </param>
          </params>
          <reporter-output>
          </reporter-output>
        </test-method> <!-- sumTestLong -->
        <test-method signature="sumTestLong(java.lang.String,java.lang.String)[pri:0, instance:hw1.SumTests@2fd6b6c7]" started-at="2021-03-27T15:54:54 MSK" name="sumTestLong" data-provider="sumOperandsLong" finished-at="2021-03-27T15:54:54 MSK" duration-ms="1" status="PASS">
          <params>
            <param index="0">
              <value>
                <![CDATA[123123 0]]>
              </value>
            </param>
            <param index="1">
              <value>
                <![CDATA[123123]]>
              </value>
            </param>
          </params>
          <reporter-output>
          </reporter-output>
        </test-method> <!-- sumTestLong -->
        <test-method signature="sumTestLong(java.lang.String,java.lang.String)[pri:0, instance:hw1.SumTests@2fd6b6c7]" started-at="2021-03-27T15:54:54 MSK" name="sumTestLong" data-provider="sumOperandsLong" finished-at="2021-03-27T15:54:54 MSK" duration-ms="0" status="PASS">
          <params>
            <param index="0">
              <value>
                <![CDATA[0 321321]]>
              </value>
            </param>
            <param index="1">
              <value>
                <![CDATA[321321]]>
              </value>
            </param>
          </params>
          <reporter-output>
          </reporter-output>
        </test-method> <!-- sumTestLong -->
        <test-method signature="sumTestLong(java.lang.String,java.lang.String)[pri:0, instance:hw1.SumTests@2fd6b6c7]" started-at="2021-03-27T15:54:54 MSK" name="sumTestLong" data-provider="sumOperandsLong" finished-at="2021-03-27T15:54:54 MSK" duration-ms="1" status="PASS">
          <params>
            <param index="0">
              <value>
                <![CDATA[0 0]]>
              </value>
            </param>
            <param index="1">
              <value>
                <![CDATA[0]]>
              </value>
            </param>
          </params>
          <reporter-output>
          </reporter-output>
        </test-method> <!-- sumTestLong -->
        <test-method signature="sumTestLong(java.lang.String,java.lang.String)[pri:0, instance:hw1.SumTests@2fd6b6c7]" started-at="2021-03-27T15:54:54 MSK" name="sumTestLong" data-provider="sumOperandsLong" finished-at="2021-03-27T15:54:54 MSK" duration-ms="1" status="PASS">
          <params>
            <param index="0">
              <value>
                <![CDATA[-123456789 123456789]]>
              </value>
            </param>
            <param index="1">
              <value>
                <![CDATA[0]]>
              </value>
            </param>
          </params>
          <reporter-output>
          </reporter-output>
        </test-method> <!-- sumTestLong -->
      </class> <!-- hw1.SumTests -->
    </test> <!-- Functional -->
  </suite> <!-- SumSubSuite -->
</testng-results>
