<?xml version="1.0" encoding="UTF-8"?>
<testsuite xmlns:xsi="http://www.w3.org/2001/XMLSchema-instance" xsi:noNamespaceSchemaLocation="https://maven.apache.org/surefire/maven-surefire-plugin/xsd/surefire-test-report-3.0.xsd" version="3.0" name="TestSuite" time="2.303" tests="45" errors="0" skipped="0" failures="4">
  <properties>
    <property name="java.specification.version" value="15"/>
    <property name="sun.cpu.isalist" value="amd64"/>
    <property name="sun.jnu.encoding" value="Cp1251"/>
    <property name="java.class.path" value="C:\Users\nikit\IdeaProjects\Software-testing\hw1\target\test-classes;C:\Users\nikit\IdeaProjects\Software-testing\hw1\target\classes;C:\Users\nikit\.m2\repository\org\testng\testng\7.4.0\testng-7.4.0.jar;C:\Users\nikit\.m2\repository\com\beust\jcommander\1.78\jcommander-1.78.jar;C:\Users\nikit\.m2\repository\org\webjars\jquery\3.5.1\jquery-3.5.1.jar;C:\Users\nikit\IdeaProjects\Software-testing\hw1\lib\calculator-1.0.jar;"/>
    <property name="java.vm.vendor" value="Oracle Corporation"/>
    <property name="sun.arch.data.model" value="64"/>
    <property name="user.variant" value=""/>
    <property name="java.vendor.url" value="https://java.oracle.com/"/>
    <property name="user.timezone" value="Europe/Moscow"/>
    <property name="os.name" value="Windows 10"/>
    <property name="java.vm.specification.version" value="15"/>
    <property name="sun.java.launcher" value="SUN_STANDARD"/>
    <property name="user.country" value="RU"/>
    <property name="sun.boot.library.path" value="C:\Program Files\Java\jdk-15.0.2\bin"/>
    <property name="sun.java.command" value="C:\Users\nikit\AppData\Local\Temp\surefire2322055855734798057\surefirebooter7589840199543456479.jar C:\Users\nikit\AppData\Local\Temp\surefire2322055855734798057 2021-03-27T15-54-46_964-jvmRun1 surefire4958061595551525645tmp surefire_08751288456269838298tmp"/>
    <property name="jdk.debug" value="release"/>
    <property name="surefire.test.class.path" value="C:\Users\nikit\IdeaProjects\Software-testing\hw1\target\test-classes;C:\Users\nikit\IdeaProjects\Software-testing\hw1\target\classes;C:\Users\nikit\.m2\repository\org\testng\testng\7.4.0\testng-7.4.0.jar;C:\Users\nikit\.m2\repository\com\beust\jcommander\1.78\jcommander-1.78.jar;C:\Users\nikit\.m2\repository\org\webjars\jquery\3.5.1\jquery-3.5.1.jar;C:\Users\nikit\IdeaProjects\Software-testing\hw1\lib\calculator-1.0.jar;"/>
    <property name="sun.cpu.endian" value="little"/>
    <property name="user.home" value="C:\Users\nikit"/>
    <property name="user.language" value="ru"/>
    <property name="java.specification.vendor" value="Oracle Corporation"/>
    <property name="java.version.date" value="2021-01-19"/>
    <property name="java.home" value="C:\Program Files\Java\jdk-15.0.2"/>
    <property name="file.separator" value="\"/>
    <property name="basedir" value="C:\Users\nikit\IdeaProjects\Software-testing\hw1"/>
    <property name="java.vm.compressedOopsMode" value="32-bit"/>
    <property name="line.separator" value="&#10;"/>
    <property name="java.vm.specification.vendor" value="Oracle Corporation"/>
    <property name="java.specification.name" value="Java Platform API Specification"/>
    <property name="surefire.real.class.path" value="C:\Users\nikit\AppData\Local\Temp\surefire2322055855734798057\surefirebooter7589840199543456479.jar"/>
    <property name="user.script" value=""/>
    <property name="sun.management.compiler" value="HotSpot 64-Bit Tiered Compilers"/>
    <property name="java.runtime.version" value="15.0.2+7-27"/>
    <property name="user.name" value="nikita"/>
    <property name="path.separator" value=";"/>
    <property name="os.version" value="10.0"/>
    <property name="java.runtime.name" value="Java(TM) SE Runtime Environment"/>
    <property name="file.encoding" value="Cp1251"/>
    <property name="java.vm.name" value="Java HotSpot(TM) 64-Bit Server VM"/>
    <property name="localRepository" value="C:\Users\nikit\.m2\repository"/>
    <property name="java.vendor.url.bug" value="https://bugreport.java.com/bugreport/"/>
    <property name="java.io.tmpdir" value="C:\Users\nikit\AppData\Local\Temp\"/>
    <property name="java.version" value="15.0.2"/>
    <property name="user.dir" value="C:\Users\nikit\IdeaProjects\Software-testing\hw1"/>
    <property name="os.arch" value="amd64"/>
    <property name="java.vm.specification.name" value="Java Virtual Machine Specification"/>
    <property name="sun.os.patch.level" value=""/>
    <property name="java.library.path" value="C:\Program Files\Java\jdk-15.0.2\bin;C:\WINDOWS\Sun\Java\bin;C:\WINDOWS\system32;C:\WINDOWS;C:\Program Files\NVIDIA GPU Computing Toolkit\CUDA\v11.2\bin;C:\Program Files\NVIDIA GPU Computing Toolkit\CUDA\v11.2\libnvvp;C:\Strawberry\perl\bin;C:\Program Files\Common Files\Autodesk Shared\;C:\Program Files\apache-maven-3.6.3\bin;C:\Program Files\NVIDIA Corporation\Nsight Compute 2020.3.0\;C:\Program Files (x86)\NVIDIA Corporation\PhysX\Common;C:\Program Files\Git\cmd;C:\Program Files\MySQL\MySQL Shell 8.0\bin\;C:\Strawberry\perl\bin;C:\Users\nikit\AppData\Local\Microsoft\WindowsApps;C:\Users\nikit\AppData\Local\Programs\Microsoft VS Code\bin;C:\Users\nikit\AppData\Local\Programs\MiKTeX\miktex\bin\x64\;C:\Program Files\JetBrains\CLion 2020.3.2\bin;;C:\Program Files\JetBrains\IntelliJ IDEA 2020.3.2\bin;;C:\Program Files\apache-maven-3.6.3\bin;C:\Users\nikit\AppData\Local\GitHubDesktop\bin;."/>
    <property name="java.vm.info" value="mixed mode, sharing"/>
    <property name="java.vendor" value="Oracle Corporation"/>
    <property name="java.vm.version" value="15.0.2+7-27"/>
    <property name="sun.io.unicode.encoding" value="UnicodeLittle"/>
    <property name="java.class.version" value="59.0"/>
  </properties>
  <testcase name="sumTestDouble[12.21 21.12, 33.33](1)" classname="hw1.SumTests" time="0.008"/>
  <testcase name="sumTestDouble[42.42 0.0, 42.42](2)" classname="hw1.SumTests" time="0.001"/>
  <testcase name="sumTestDouble[0.0 42.42, 42.42](3)" classname="hw1.SumTests" time="0.001"/>
  <testcase name="sumTestDouble[0.0 0.0, 0.0](4)" classname="hw1.SumTests" time="0.001"/>
  <testcase name="sumTestDouble[-42.42 42.42, 0.0](5)" classname="hw1.SumTests" time="0.001"/>
  <testcase name="sumTestLong[1234567890 9876543210, 11111111100](1)" classname="hw1.SumTests" time="0"/>
  <testcase name="sumTestLong[123123 0, 123123](2)" classname="hw1.SumTests" time="0"/>
  <testcase name="sumTestLong[0 321321, 321321](3)" classname="hw1.SumTests" time="0.001"/>
  <testcase name="sumTestLong[0 0, 0](4)" classname="hw1.SumTests" time="0"/>
  <testcase name="sumTestLong[-123456789 123456789, 0](5)" classname="hw1.SumTests" time="0.001"/>
  <testcase name="subTestDouble[12.21 21.12, -8.91](1)" classname="hw1.SubTests" time="0.001"/>
  <testcase name="subTestDouble[42.42 0.0, 42.42](2)" classname="hw1.SubTests" time="0.001"/>
  <testcase name="subTestDouble[0.0 42.42, -42.42](3)" classname="hw1.SubTests" time="0.001"/>
  <testcase name="subTestDouble[0.0 0.0, 0.0](4)" classname="hw1.SubTests" time="0.003"/>
  <testcase name="subTestDouble[42.42 42.42, 0.0](5)" classname="hw1.SubTests" time="0"/>
  <testcase name="subTestLong[9876543210 1234567890, 8641975320](1)" classname="hw1.SubTests" time="0.001"/>
  <testcase name="subTestLong[123123 0, 123123](2)" classname="hw1.SubTests" time="0"/>
  <testcase name="subTestLong[0 321321, -321321](3)" classname="hw1.SubTests" time="0"/>
  <testcase name="subTestLong[0 0, 0](4)" classname="hw1.SubTests" time="0.001"/>
  <testcase name="subTestLong[123456789 123456789, 0](5)" classname="hw1.SubTests" time="0"/>
  <testcase name="mulTestDouble[12.21 21.12, 257.8752](1)" classname="hw1.MulTests" time="0.009">
    <failure message="expected [257.0] but found [257.8752]" type="java.lang.AssertionError"><![CDATA[java.lang.AssertionError: expected [257.0] but found [257.8752]
	at hw1.MulTests.mulTestDouble(MulTests.java:48)
]]></failure>
  </testcase>
  <testcase name="mulTestDouble[42.42 0.0, 0.0](2)" classname="hw1.MulTests" time="0"/>
  <testcase name="mulTestDouble[0.0 42.42, 0.0](3)" classname="hw1.MulTests" time="0"/>
  <testcase name="mulTestDouble[0.0 0.0, 0.0](4)" classname="hw1.MulTests" time="0"/>
  <testcase name="mulTestDouble[-42.42 42.42, -1799.4564](5)" classname="hw1.MulTests" time="0">
    <failure message="expected [-1800.0] but found [-1799.4564]" type="java.lang.AssertionError"><![CDATA[java.lang.AssertionError: expected [-1800.0] but found [-1799.4564]
	at hw1.MulTests.mulTestDouble(MulTests.java:48)
]]></failure>
  </testcase>
  <testcase name="mulTestDouble[42.42 1, 42.42](6)" classname="hw1.MulTests" time="0.001">
    <failure message="expected [42.0] but found [42.42]" type="java.lang.AssertionError"><![CDATA[java.lang.AssertionError: expected [42.0] but found [42.42]
	at hw1.MulTests.mulTestDouble(MulTests.java:48)
]]></failure>
  </testcase>
  <testcase name="mulTestDouble[1 42.42, 42.42](7)" classname="hw1.MulTests" time="0.005">
    <failure message="expected [42.0] but found [42.42]" type="java.lang.AssertionError"><![CDATA[java.lang.AssertionError: expected [42.0] but found [42.42]
	at hw1.MulTests.mulTestDouble(MulTests.java:48)
]]></failure>
  </testcase>
  <testcase name="mulTestLong[123456 987654, 121931812224](1)" classname="hw1.MulTests" time="0.001"/>
  <testcase name="mulTestLong[123123 0, 0](2)" classname="hw1.MulTests" time="0"/>
  <testcase name="mulTestLong[0 321321, 0](3)" classname="hw1.MulTests" time="0.001"/>
  <testcase name="mulTestLong[0 0, 0](4)" classname="hw1.MulTests" time="0"/>
  <testcase name="mulTestLong[-123456789 123456789, -15241578750190521](5)" classname="hw1.MulTests" time="0"/>
  <testcase name="mulTestLong[123123 1, 123123](6)" classname="hw1.MulTests" time="0"/>
  <testcase name="mulTestLong[1 123123, 123123](7)" classname="hw1.MulTests" time="0"/>
  <testcase name="divTestDouble[21.12 0.5, 42.24](1)" classname="hw1.DivTests" time="0"/>
  <testcase name="divTestDouble[0.0 42.42, 0.0](2)" classname="hw1.DivTests" time="0"/>
  <testcase name="divTestDouble[-42.42 42.42, -1.0](3)" classname="hw1.DivTests" time="0"/>
  <testcase name="divTestDouble[42.42 -42.42, -1.0](4)" classname="hw1.DivTests" time="0"/>
  <testcase name="divTestDouble[42.42 1, 42.42](5)" classname="hw1.DivTests" time="0"/>
  <testcase name="divTestDouble[42.42 -1, -42.42](6)" classname="hw1.DivTests" time="0"/>
  <testcase name="divTestLong[1234567890 1234567890, 1](1)" classname="hw1.DivTests" time="0.001"/>
  <testcase name="divTestLong[0 321321, 0](2)" classname="hw1.DivTests" time="0.001"/>
  <testcase name="divTestLong[-123456789 123456789, -1](3)" classname="hw1.DivTests" time="0"/>
  <testcase name="divTestLong[123123123 1, 123123123](4)" classname="hw1.DivTests" time="0"/>
  <testcase name="divTestLong[123123123 -1, -123123123](5)" classname="hw1.DivTests" time="0.001"/>
</testsuite>